TN:
SF:src\modules\todolist.js
FN:2,(anonymous_0)
FN:6,(anonymous_1)
FN:17,(anonymous_2)
FN:18,(anonymous_3)
FN:25,(anonymous_4)
FN:27,(anonymous_5)
FN:45,(anonymous_6)
FN:46,(anonymous_7)
FN:49,(anonymous_8)
FN:58,(anonymous_9)
FN:72,(anonymous_10)
FN:73,(anonymous_11)
FN:74,(anonymous_12)
FN:81,(anonymous_13)
FN:83,(anonymous_14)
FN:90,(anonymous_15)
FN:91,(anonymous_16)
FN:97,(anonymous_17)
FN:98,(anonymous_18)
FN:101,(anonymous_19)
FN:106,(anonymous_20)
FNF:21
FNH:8
FNDA:5,(anonymous_0)
FNDA:9,(anonymous_1)
FNDA:1,(anonymous_2)
FNDA:1,(anonymous_3)
FNDA:0,(anonymous_4)
FNDA:0,(anonymous_5)
FNDA:0,(anonymous_6)
FNDA:0,(anonymous_7)
FNDA:0,(anonymous_8)
FNDA:0,(anonymous_9)
FNDA:0,(anonymous_10)
FNDA:0,(anonymous_11)
FNDA:0,(anonymous_12)
FNDA:0,(anonymous_13)
FNDA:0,(anonymous_14)
FNDA:1,(anonymous_15)
FNDA:2,(anonymous_16)
FNDA:1,(anonymous_17)
FNDA:3,(anonymous_18)
FNDA:0,(anonymous_19)
FNDA:0,(anonymous_20)
DA:3,5
DA:6,5
DA:7,9
DA:8,9
DA:9,9
DA:14,9
DA:17,5
DA:18,1
DA:19,1
DA:20,1
DA:26,0
DA:27,0
DA:28,0
DA:41,0
DA:43,0
DA:45,0
DA:46,0
DA:47,0
DA:48,0
DA:49,0
DA:50,0
DA:51,0
DA:53,0
DA:55,0
DA:57,0
DA:58,0
DA:59,0
DA:60,0
DA:62,0
DA:64,0
DA:71,0
DA:72,0
DA:73,0
DA:74,0
DA:75,0
DA:76,0
DA:81,5
DA:82,0
DA:83,0
DA:84,0
DA:85,0
DA:90,5
DA:91,1
DA:92,2
DA:97,5
DA:98,3
DA:101,5
DA:102,0
DA:103,0
DA:106,5
DA:107,0
DA:108,0
DA:112,1
LF:53
LH:19
BRDA:19,0,0,1
BRDA:19,0,1,0
BRDA:34,1,0,0
BRDA:34,1,1,0
BRDA:47,2,0,0
BRDA:47,2,1,0
BRDA:50,3,0,0
BRDA:50,3,1,0
BRDA:59,4,0,0
BRDA:59,4,1,0
BRDA:107,5,0,0
BRDA:107,5,1,0
BRF:12
BRH:1
end_of_record
