TN:
SF:src\modules\todolist.js
FN:2,(anonymous_0)
FN:6,(anonymous_1)
FN:17,(anonymous_2)
FN:18,(anonymous_3)
FN:25,(anonymous_4)
FN:27,(anonymous_5)
FN:45,(anonymous_6)
FN:46,(anonymous_7)
FN:49,(anonymous_8)
FN:58,(anonymous_9)
FN:70,(anonymous_10)
FN:71,(anonymous_11)
FN:72,(anonymous_12)
FN:79,(anonymous_13)
FN:81,(anonymous_14)
FN:87,(anonymous_15)
FN:88,(anonymous_16)
FN:93,(anonymous_17)
FN:94,(anonymous_18)
FN:97,(anonymous_19)
FN:102,(anonymous_20)
FNF:21
FNH:4
FNDA:2,(anonymous_0)
FNDA:3,(anonymous_1)
FNDA:1,(anonymous_2)
FNDA:1,(anonymous_3)
FNDA:0,(anonymous_4)
FNDA:0,(anonymous_5)
FNDA:0,(anonymous_6)
FNDA:0,(anonymous_7)
FNDA:0,(anonymous_8)
FNDA:0,(anonymous_9)
FNDA:0,(anonymous_10)
FNDA:0,(anonymous_11)
FNDA:0,(anonymous_12)
FNDA:0,(anonymous_13)
FNDA:0,(anonymous_14)
FNDA:0,(anonymous_15)
FNDA:0,(anonymous_16)
FNDA:0,(anonymous_17)
FNDA:0,(anonymous_18)
FNDA:0,(anonymous_19)
FNDA:0,(anonymous_20)
DA:3,2
DA:6,2
DA:7,3
DA:8,3
DA:9,3
DA:14,3
DA:17,2
DA:18,1
DA:19,1
DA:20,1
DA:26,0
DA:27,0
DA:28,0
DA:41,0
DA:43,0
DA:45,0
DA:46,0
DA:47,0
DA:48,0
DA:49,0
DA:50,0
DA:51,0
DA:53,0
DA:55,0
DA:57,0
DA:58,0
DA:59,0
DA:60,0
DA:62,0
DA:64,0
DA:69,0
DA:70,0
DA:71,0
DA:72,0
DA:73,0
DA:74,0
DA:79,2
DA:80,0
DA:81,0
DA:82,0
DA:83,0
DA:87,2
DA:88,0
DA:89,0
DA:93,2
DA:94,0
DA:97,2
DA:98,0
DA:99,0
DA:102,2
DA:103,0
DA:104,0
DA:108,1
LF:53
LH:16
BRDA:19,0,0,1
BRDA:19,0,1,0
BRDA:34,1,0,0
BRDA:34,1,1,0
BRDA:47,2,0,0
BRDA:47,2,1,0
BRDA:50,3,0,0
BRDA:50,3,1,0
BRDA:59,4,0,0
BRDA:59,4,1,0
BRDA:103,5,0,0
BRDA:103,5,1,0
BRF:12
BRH:1
end_of_record
